[2023-08-01 11:55:00.513 -04:00 INF] Executed DbCommand (21ms) [Parameters=[], CommandType='"Text"', CommandTimeout='30']
SELECT COUNT(*) FROM "sqlite_master" WHERE "name" = '__EFMigrationsHistory' AND "type" = 'table';
[2023-08-01 11:55:00.603 -04:00 INF] Executed DbCommand (1ms) [Parameters=[], CommandType='"Text"', CommandTimeout='30']
SELECT COUNT(*) FROM "sqlite_master" WHERE "name" = '__EFMigrationsHistory' AND "type" = 'table';
[2023-08-01 11:55:00.631 -04:00 INF] Executed DbCommand (2ms) [Parameters=[], CommandType='"Text"', CommandTimeout='30']
SELECT "MigrationId", "ProductVersion"
FROM "__EFMigrationsHistory"
ORDER BY "MigrationId";
[2023-08-01 11:55:00.686 -04:00 INF] No migrations were applied. The database is already up to date.
[2023-08-01 11:55:00.990 -04:00 INF] Executed DbCommand (1ms) [Parameters=[], CommandType='"Text"', CommandTimeout='30']
SELECT EXISTS (
    SELECT 1
    FROM "Usuarios" AS "u")
[2023-08-01 11:55:01.128 -04:00 INF] Now listening on: http://localhost:5262
[2023-08-01 11:55:01.134 -04:00 INF] Application started. Press Ctrl+C to shut down.
[2023-08-01 11:55:01.134 -04:00 INF] Hosting environment: Development
[2023-08-01 11:55:01.135 -04:00 INF] Content root path: C:\Repos\TheLastBug\TheLastBug\TheLastBug\API
[2023-08-01 11:55:02.299 -04:00 INF] Request starting HTTP/1.1 GET http://localhost:5262/swagger/index.html - -
[2023-08-01 11:55:02.496 -04:00 WRN] Failed to determine the https port for redirect.
[2023-08-01 11:55:02.769 -04:00 INF] [TRACE] request/response
[2023-08-01 11:55:02.793 -04:00 INF] [ALL TRACE IN DICTIONARY] {"request_headers":[{"Key":"Accept","Value":["text/html,application/xhtml+xml,application/xml;q=0.9,image/avif,image/webp,image/apng,*/*;q=0.8,application/signed-exchange;v=b3;q=0.7"],"$type":"KeyValuePair`2"},{"Key":"Connection","Value":["keep-alive"],"$type":"KeyValuePair`2"},{"Key":"Host","Value":["localhost:5262"],"$type":"KeyValuePair`2"},{"Key":"User-Agent","Value":["Mozilla/5.0 (Windows NT 10.0; Win64; x64) AppleWebKit/537.36 (KHTML, like Gecko) Chrome/114.0.0.0 Safari/537.36"],"$type":"KeyValuePair`2"},{"Key":"Accept-Encoding","Value":["gzip, deflate"],"$type":"KeyValuePair`2"},{"Key":"Accept-Language","Value":["es-ES,es;q=0.9"],"$type":"KeyValuePair`2"},{"Key":"Cookie","Value":["mailpoet_page_view=%7B%22timestamp%22%3A1671050267%7D"],"$type":"KeyValuePair`2"},{"Key":"Upgrade-Insecure-Requests","Value":["1"],"$type":"KeyValuePair`2"},{"Key":"Sec-Fetch-Site","Value":["none"],"$type":"KeyValuePair`2"},{"Key":"Sec-Fetch-Mode","Value":["navigate"],"$type":"KeyValuePair`2"},{"Key":"Sec-Fetch-User","Value":["?1"],"$type":"KeyValuePair`2"},{"Key":"Sec-Fetch-Dest","Value":["document"],"$type":"KeyValuePair`2"},{"Key":"sec-ch-ua","Value":["\"Not.A/Brand\";v=\"8\", \"Chromium\";v=\"114\", \"Google Chrome\";v=\"114\""],"$type":"KeyValuePair`2"},{"Key":"sec-ch-ua-mobile","Value":["?0"],"$type":"KeyValuePair`2"},{"Key":"sec-ch-ua-platform","Value":["\"Windows\""],"$type":"KeyValuePair`2"}],"request_body":"http localhost:5262/swagger/index.html  ","response_headers":[{"Key":"Content-Type","Value":["text/html;charset=utf-8"],"$type":"KeyValuePair`2"}],"response_body":"200: <!-- HTML for static distribution bundle build -->\n<!DOCTYPE html>\n<html lang=\"en\">\n<head>\n    <meta charset=\"UTF-8\">\n    <title>Swagger UI</title>\n    <link rel=\"stylesheet\" type=\"text/css\" href=\"./swagger-ui.css\">\n    <link rel=\"icon\" type=\"image/png\" href=\"./favicon-32x32.png\" sizes=\"32x32\" />\n    <link rel=\"icon\" type=\"image/png\" href=\"./favicon-16x16.png\" sizes=\"16x16\" />\n    <style>\n\n        html {\n            box-sizing: border-box;\n            overflow: -moz-scrollbars-vertical;\n            overflow-y: scroll;\n        }\n\n        *,\n        *:before,\n        *:after {\n            box-sizing: inherit;\n        }\n\n        body {\n            margin: 0;\n            background: #fafafa;\n        }\n    </style>\n    \n</head>\n\n<body>\n    <div id=\"swagger-ui\"></div>\n\n    <!-- Workaround for https://github.com/swagger-api/swagger-editor/issues/1371 -->\n    <script>\n        if (window.navigator.userAgent.indexOf(\"Edge\") > -1) {\n            console.log(\"Removing native Edge fetch in favor of swagger-ui's polyfill\")\n            window.fetch = undefined;\n        }\n    </script>\n\n    <script src=\"./swagger-ui-bundle.js\"></script>\n    <script src=\"./swagger-ui-standalone-preset.js\"></script>\n    <script>\n        /* Source: https://gist.github.com/lamberta/3768814\n         * Parse a string function definition and return a function object. Does not use eval.\n         * @param {string} str\n         * @return {function}\n         *\n         * Example:\n         *  var f = function (x, y) { return x * y; };\n         *  var g = parseFunction(f.toString());\n         *  g(33, 3); //=> 99\n         */\n        function parseFunction(str) {\n            if (!str) return void (0);\n\n            var fn_body_idx = str.indexOf('{'),\n                fn_body = str.substring(fn_body_idx + 1, str.lastIndexOf('}')),\n                fn_declare = str.substring(0, fn_body_idx),\n                fn_params = fn_declare.substring(fn_declare.indexOf('(') + 1, fn_declare.lastIndexOf(')')),\n                args = fn_params.split(',');\n\n            args.push(fn_body);\n\n            function Fn() {\n                return Function.apply(this, args);\n            }\n            Fn.prototype = Function.prototype;\n\n            return new Fn();\n        }\n\n        window.onload = function () {\n            var configObject = JSON.parse('{\"urls\":[{\"url\":\"v1/swagger.json\",\"name\":\"API v1\"}],\"deepLinking\":false,\"persistAuthorization\":false,\"displayOperationId\":false,\"defaultModelsExpandDepth\":1,\"defaultModelExpandDepth\":1,\"defaultModelRendering\":\"example\",\"displayRequestDuration\":false,\"docExpansion\":\"list\",\"showExtensions\":false,\"showCommonExtensions\":false,\"supportedSubmitMethods\":[\"get\",\"put\",\"post\",\"delete\",\"options\",\"head\",\"patch\",\"trace\"],\"tryItOutEnabled\":false}');\n            var oauthConfigObject = JSON.parse('{\"scopeSeparator\":\" \",\"scopes\":[],\"useBasicAuthenticationWithAccessCodeGrant\":false,\"usePkceWithAuthorizationCodeGrant\":false}');\n\n            // Workaround for https://github.com/swagger-api/swagger-ui/issues/5945\n            configObject.urls.forEach(function (item) {\n                if (item.url.startsWith(\"http\") || item.url.startsWith(\"/\")) return;\n                item.url = window.location.href.replace(\"index.html\", item.url).split('#')[0];\n            });\n\n            // If validatorUrl is not explicitly provided, disable the feature by setting to null\n            if (!configObject.hasOwnProperty(\"validatorUrl\"))\n                configObject.validatorUrl = null\n\n            // If oauth2RedirectUrl isn't specified, use the built-in default\n            if (!configObject.hasOwnProperty(\"oauth2RedirectUrl\"))\n                configObject.oauth2RedirectUrl = (new URL(\"oauth2-redirect.html\", window.location.href)).href;\n\n            // Apply mandatory parameters\n            configObject.dom_id = \"#swagger-ui\";\n            configObject.presets = [SwaggerUIBundle.presets.apis, SwaggerUIStandalonePreset];\n            configObject.layout = \"StandaloneLayout\";\n\n            // Parse and add interceptor functions\n            var interceptors = JSON.parse('{\"RequestInterceptorFunction\":null,\"ResponseInterceptorFunction\":null}');\n            if (interceptors.RequestInterceptorFunction)\n                configObject.requestInterceptor = parseFunction(interceptors.RequestInterceptorFunction);\n            if (interceptors.ResponseInterceptorFunction)\n                configObject.responseInterceptor = parseFunction(interceptors.ResponseInterceptorFunction);\n\n            // Begin Swagger UI call region\n\n            const ui = SwaggerUIBundle(configObject);\n\n            ui.initOAuth(oauthConfigObject);\n\n            // End Swagger UI call region\n\n            window.ui = ui\n        }\n    </script>\n</body>\n</html>\n"}
[2023-08-01 11:55:02.827 -04:00 INF] Request finished HTTP/1.1 GET http://localhost:5262/swagger/index.html - - - 200 - text/html;charset=utf-8 533.3652ms
[2023-08-01 11:55:03.025 -04:00 INF] Request starting HTTP/1.1 GET http://localhost:5262/_framework/aspnetcore-browser-refresh.js - -
[2023-08-01 11:55:03.031 -04:00 INF] Request finished HTTP/1.1 GET http://localhost:5262/_framework/aspnetcore-browser-refresh.js - - - 200 12328 application/javascript;+charset=utf-8 6.0011ms
[2023-08-01 11:55:04.849 -04:00 INF] Request starting HTTP/1.1 GET http://localhost:5262/swagger/v1/swagger.json - -
[2023-08-01 11:55:05.119 -04:00 INF] [TRACE] request/response
[2023-08-01 11:55:05.123 -04:00 INF] [ALL TRACE IN DICTIONARY] {"request_headers":[{"Key":"Accept","Value":["application/json,*/*"],"$type":"KeyValuePair`2"},{"Key":"Connection","Value":["keep-alive"],"$type":"KeyValuePair`2"},{"Key":"Host","Value":["localhost:5262"],"$type":"KeyValuePair`2"},{"Key":"User-Agent","Value":["Mozilla/5.0 (Windows NT 10.0; Win64; x64) AppleWebKit/537.36 (KHTML, like Gecko) Chrome/114.0.0.0 Safari/537.36"],"$type":"KeyValuePair`2"},{"Key":"Accept-Encoding","Value":["gzip, deflate"],"$type":"KeyValuePair`2"},{"Key":"Accept-Language","Value":["es-ES,es;q=0.9"],"$type":"KeyValuePair`2"},{"Key":"Cookie","Value":["mailpoet_page_view=%7B%22timestamp%22%3A1671050267%7D"],"$type":"KeyValuePair`2"},{"Key":"Referer","Value":["http://localhost:5262/swagger/index.html"],"$type":"KeyValuePair`2"},{"Key":"sec-ch-ua","Value":["\"Not.A/Brand\";v=\"8\", \"Chromium\";v=\"114\", \"Google Chrome\";v=\"114\""],"$type":"KeyValuePair`2"},{"Key":"sec-ch-ua-mobile","Value":["?0"],"$type":"KeyValuePair`2"},{"Key":"sec-ch-ua-platform","Value":["\"Windows\""],"$type":"KeyValuePair`2"},{"Key":"Sec-Fetch-Site","Value":["same-origin"],"$type":"KeyValuePair`2"},{"Key":"Sec-Fetch-Mode","Value":["cors"],"$type":"KeyValuePair`2"},{"Key":"Sec-Fetch-Dest","Value":["empty"],"$type":"KeyValuePair`2"}],"request_body":"http localhost:5262/swagger/v1/swagger.json  ","response_headers":[{"Key":"Content-Type","Value":["application/json;charset=utf-8"],"$type":"KeyValuePair`2"}],"response_body":"200: {\n  \"openapi\": \"3.0.1\",\n  \"info\": {\n    \"title\": \"API\",\n    \"version\": \"1.0\"\n  },\n  \"paths\": {\n    \"/Pais\": {\n      \"get\": {\n        \"tags\": [\n          \"Pais\"\n        ],\n        \"responses\": {\n          \"200\": {\n            \"description\": \"Success\",\n            \"content\": {\n              \"text/plain\": {\n                \"schema\": {\n                  \"type\": \"array\",\n                  \"items\": {\n                    \"$ref\": \"#/components/schemas/Domain.Pais\"\n                  }\n                }\n              },\n              \"application/json\": {\n                \"schema\": {\n                  \"type\": \"array\",\n                  \"items\": {\n                    \"$ref\": \"#/components/schemas/Domain.Pais\"\n                  }\n                }\n              },\n              \"text/json\": {\n                \"schema\": {\n                  \"type\": \"array\",\n                  \"items\": {\n                    \"$ref\": \"#/components/schemas/Domain.Pais\"\n                  }\n                }\n              }\n            }\n          }\n        }\n      },\n      \"post\": {\n        \"tags\": [\n          \"Pais\"\n        ],\n        \"parameters\": [\n          {\n            \"name\": \"NombrePais\",\n            \"in\": \"query\",\n            \"style\": \"form\",\n            \"schema\": {\n              \"type\": \"string\"\n            }\n          }\n        ],\n        \"responses\": {\n          \"200\": {\n            \"description\": \"Success\",\n            \"content\": {\n              \"text/plain\": {\n                \"schema\": {\n                  \"$ref\": \"#/components/schemas/Domain.Pais\"\n                }\n              },\n              \"application/json\": {\n                \"schema\": {\n                  \"$ref\": \"#/components/schemas/Domain.Pais\"\n                }\n              },\n              \"text/json\": {\n                \"schema\": {\n                  \"$ref\": \"#/components/schemas/Domain.Pais\"\n                }\n              }\n            }\n          }\n        }\n      }\n    },\n    \"/Pais/{id}\": {\n      \"get\": {\n        \"tags\": [\n          \"Pais\"\n        ],\n        \"parameters\": [\n          {\n            \"name\": \"id\",\n            \"in\": \"path\",\n            \"required\": true,\n            \"style\": \"simple\",\n            \"schema\": {\n              \"type\": \"integer\",\n              \"format\": \"int32\"\n            }\n          }\n        ],\n        \"responses\": {\n          \"200\": {\n            \"description\": \"Success\",\n            \"content\": {\n              \"text/plain\": {\n                \"schema\": {\n                  \"$ref\": \"#/components/schemas/Domain.Pais\"\n                }\n              },\n              \"application/json\": {\n                \"schema\": {\n                  \"$ref\": \"#/components/schemas/Domain.Pais\"\n                }\n              },\n              \"text/json\": {\n                \"schema\": {\n                  \"$ref\": \"#/components/schemas/Domain.Pais\"\n                }\n              }\n            }\n          }\n        }\n      },\n      \"put\": {\n        \"tags\": [\n          \"Pais\"\n        ],\n        \"parameters\": [\n          {\n            \"name\": \"id\",\n            \"in\": \"path\",\n            \"required\": true,\n            \"style\": \"simple\",\n            \"schema\": {\n              \"type\": \"integer\",\n              \"format\": \"int32\"\n            }\n          },\n          {\n            \"name\": \"NombrePais\",\n            \"in\": \"query\",\n            \"style\": \"form\",\n            \"schema\": {\n              \"type\": \"string\"\n            }\n          }\n        ],\n        \"responses\": {\n          \"200\": {\n            \"description\": \"Success\"\n          }\n        }\n      },\n      \"delete\": {\n        \"tags\": [\n          \"Pais\"\n        ],\n        \"parameters\": [\n          {\n            \"name\": \"id\",\n            \"in\": \"path\",\n            \"required\": true,\n            \"style\": \"simple\",\n            \"schema\": {\n              \"type\": \"integer\",\n              \"format\": \"int32\"\n            }\n          }\n        ],\n        \"responses\": {\n          \"200\": {\n            \"description\": \"Success\"\n          }\n        }\n      }\n    }\n  },\n  \"components\": {\n    \"schemas\": {\n      \"Domain.Comuna\": {\n        \"type\": \"object\",\n        \"properties\": {\n          \"comunaID\": {\n            \"type\": \"integer\",\n            \"format\": \"int32\"\n          },\n          \"nombreComuna\": {\n            \"type\": \"string\",\n            \"nullable\": true\n          },\n          \"regionID\": {\n            \"type\": \"integer\",\n            \"format\": \"int32\"\n          },\n          \"region\": {\n            \"$ref\": \"#/components/schemas/Domain.Region\"\n          }\n        },\n        \"additionalProperties\": false\n      },\n      \"Domain.Pais\": {\n        \"type\": \"object\",\n        \"properties\": {\n          \"paisID\": {\n            \"type\": \"integer\",\n            \"format\": \"int32\"\n          },\n          \"nombrePais\": {\n            \"type\": \"string\",\n            \"nullable\": true\n          },\n          \"regiones\": {\n            \"type\": \"array\",\n            \"items\": {\n              \"$ref\": \"#/components/schemas/Domain.Region\"\n            },\n            \"nullable\": true\n          }\n        },\n        \"additionalProperties\": false\n      },\n      \"Domain.Region\": {\n        \"type\": \"object\",\n        \"properties\": {\n          \"regionID\": {\n            \"type\": \"integer\",\n            \"format\": \"int32\"\n          },\n          \"nombreRegion\": {\n            \"type\": \"string\",\n            \"nullable\": true\n          },\n          \"paisID\": {\n            \"type\": \"integer\",\n            \"format\": \"int32\"\n          },\n          \"pais\": {\n            \"$ref\": \"#/components/schemas/Domain.Pais\"\n          },\n          \"comunas\": {\n            \"type\": \"array\",\n            \"items\": {\n              \"$ref\": \"#/components/schemas/Domain.Comuna\"\n            },\n            \"nullable\": true\n          }\n        },\n        \"additionalProperties\": false\n      }\n    }\n  }\n}"}
[2023-08-01 11:55:05.126 -04:00 INF] Request finished HTTP/1.1 GET http://localhost:5262/swagger/v1/swagger.json - - - 200 - application/json;charset=utf-8 276.6999ms
[2023-08-01 11:55:27.152 -04:00 INF] Request starting HTTP/1.1 GET http://localhost:5262/Pais - -
[2023-08-01 11:55:27.160 -04:00 INF] Executing endpoint 'API.Controllers.PaisController.GetPaises (API)'
[2023-08-01 11:55:27.186 -04:00 INF] Route matched with {action = "GetPaises", controller = "Pais"}. Executing controller action with signature System.Threading.Tasks.Task`1[Microsoft.AspNetCore.Mvc.ActionResult`1[System.Collections.Generic.IEnumerable`1[Domain.Pais]]] GetPaises() on controller API.Controllers.PaisController (API).
[2023-08-01 11:55:27.195 -04:00 INF] Func: GetPaises
[2023-08-01 11:55:27.196 -04:00 INF] Func: ListPaisAsync
[2023-08-01 11:55:27.327 -04:00 INF] Executed DbCommand (0ms) [Parameters=[], CommandType='"Text"', CommandTimeout='30']
SELECT "p"."PaisID", "p"."NombrePais"
FROM "Paises" AS "p"
[2023-08-01 11:55:27.465 -04:00 INF] Executing ObjectResult, writing value of type 'System.Collections.Generic.List`1[[Domain.Pais, API, Version=1.0.0.0, Culture=neutral, PublicKeyToken=null]]'.
[2023-08-01 11:55:27.495 -04:00 INF] Executed action API.Controllers.PaisController.GetPaises (API) in 290.7973ms
[2023-08-01 11:55:27.495 -04:00 INF] Executed endpoint 'API.Controllers.PaisController.GetPaises (API)'
[2023-08-01 11:55:27.496 -04:00 INF] [TRACE] request/response
[2023-08-01 11:55:27.498 -04:00 INF] [ALL TRACE IN DICTIONARY] {"request_headers":[{"Key":"Accept","Value":["text/plain"],"$type":"KeyValuePair`2"},{"Key":"Connection","Value":["keep-alive"],"$type":"KeyValuePair`2"},{"Key":"Host","Value":["localhost:5262"],"$type":"KeyValuePair`2"},{"Key":"User-Agent","Value":["Mozilla/5.0 (Windows NT 10.0; Win64; x64) AppleWebKit/537.36 (KHTML, like Gecko) Chrome/114.0.0.0 Safari/537.36"],"$type":"KeyValuePair`2"},{"Key":"Accept-Encoding","Value":["gzip, deflate"],"$type":"KeyValuePair`2"},{"Key":"Accept-Language","Value":["es-ES,es;q=0.9"],"$type":"KeyValuePair`2"},{"Key":"Cookie","Value":["mailpoet_page_view=%7B%22timestamp%22%3A1671050267%7D"],"$type":"KeyValuePair`2"},{"Key":"Referer","Value":["http://localhost:5262/swagger/index.html"],"$type":"KeyValuePair`2"},{"Key":"sec-ch-ua","Value":["\"Not.A/Brand\";v=\"8\", \"Chromium\";v=\"114\", \"Google Chrome\";v=\"114\""],"$type":"KeyValuePair`2"},{"Key":"sec-ch-ua-mobile","Value":["?0"],"$type":"KeyValuePair`2"},{"Key":"sec-ch-ua-platform","Value":["\"Windows\""],"$type":"KeyValuePair`2"},{"Key":"Sec-Fetch-Site","Value":["same-origin"],"$type":"KeyValuePair`2"},{"Key":"Sec-Fetch-Mode","Value":["cors"],"$type":"KeyValuePair`2"},{"Key":"Sec-Fetch-Dest","Value":["empty"],"$type":"KeyValuePair`2"}],"request_body":"http localhost:5262/Pais  ","response_headers":[{"Key":"Content-Type","Value":["application/json; charset=utf-8"],"$type":"KeyValuePair`2"}],"response_body":"200: [{\"paisID\":1,\"nombrePais\":\"País 1\",\"regiones\":null},{\"paisID\":2,\"nombrePais\":\"Nuevo nombre\",\"regiones\":null}]"}
[2023-08-01 11:55:27.517 -04:00 INF] Request finished HTTP/1.1 GET http://localhost:5262/Pais - - - 200 - application/json;+charset=utf-8 364.6473ms
[2023-08-01 11:55:56.908 -04:00 INF] Request starting HTTP/1.1 POST http://localhost:5262/Pais?NombrePais=Zimbawe - 0
[2023-08-01 11:55:56.910 -04:00 INF] CORS policy execution failed.
[2023-08-01 11:55:56.911 -04:00 INF] Request origin http://localhost:5262 does not have permission to access the resource.
[2023-08-01 11:55:56.912 -04:00 INF] Executing endpoint 'API.Controllers.PaisController.PostPais (API)'
[2023-08-01 11:55:56.931 -04:00 INF] Route matched with {action = "PostPais", controller = "Pais"}. Executing controller action with signature System.Threading.Tasks.Task`1[Microsoft.AspNetCore.Mvc.ActionResult`1[Domain.Pais]] PostPais(Domain.Pais) on controller API.Controllers.PaisController (API).
[2023-08-01 11:55:56.970 -04:00 INF] Func: PostPaisDomain.Pais
[2023-08-01 11:55:56.971 -04:00 INF] Func: AddPaisAsync
[2023-08-01 11:55:57.230 -04:00 INF] Executed DbCommand (8ms) [Parameters=[@__ToUpper_0='?' (Size = 7)], CommandType='"Text"', CommandTimeout='30']
SELECT "p"."PaisID", "p"."NombrePais"
FROM "Paises" AS "p"
WHERE upper("p"."NombrePais") = @__ToUpper_0
LIMIT 1
[2023-08-01 11:55:57.413 -04:00 INF] Executed DbCommand (2ms) [Parameters=[@p0='?' (Size = 7)], CommandType='"Text"', CommandTimeout='30']
INSERT INTO "Paises" ("NombrePais")
VALUES (@p0)
RETURNING "PaisID";
[2023-08-01 11:55:57.460 -04:00 INF] Executing OkObjectResult, writing value of type '<>f__AnonymousType0`2[[System.String, System.Private.CoreLib, Version=7.0.0.0, Culture=neutral, PublicKeyToken=7cec85d7bea7798e],[System.Int32, System.Private.CoreLib, Version=7.0.0.0, Culture=neutral, PublicKeyToken=7cec85d7bea7798e]]'.
[2023-08-01 11:55:57.466 -04:00 INF] Executed action API.Controllers.PaisController.PostPais (API) in 533.9527ms
[2023-08-01 11:55:57.466 -04:00 INF] Executed endpoint 'API.Controllers.PaisController.PostPais (API)'
[2023-08-01 11:55:57.466 -04:00 INF] [TRACE] request/response
[2023-08-01 11:55:57.467 -04:00 INF] [ALL TRACE IN DICTIONARY] {"request_headers":[{"Key":"Accept","Value":["text/plain"],"$type":"KeyValuePair`2"},{"Key":"Connection","Value":["keep-alive"],"$type":"KeyValuePair`2"},{"Key":"Host","Value":["localhost:5262"],"$type":"KeyValuePair`2"},{"Key":"User-Agent","Value":["Mozilla/5.0 (Windows NT 10.0; Win64; x64) AppleWebKit/537.36 (KHTML, like Gecko) Chrome/114.0.0.0 Safari/537.36"],"$type":"KeyValuePair`2"},{"Key":"Accept-Encoding","Value":["gzip, deflate"],"$type":"KeyValuePair`2"},{"Key":"Accept-Language","Value":["es-ES,es;q=0.9"],"$type":"KeyValuePair`2"},{"Key":"Cookie","Value":["mailpoet_page_view=%7B%22timestamp%22%3A1671050267%7D"],"$type":"KeyValuePair`2"},{"Key":"Origin","Value":["http://localhost:5262"],"$type":"KeyValuePair`2"},{"Key":"Referer","Value":["http://localhost:5262/swagger/index.html"],"$type":"KeyValuePair`2"},{"Key":"Content-Length","Value":["0"],"$type":"KeyValuePair`2"},{"Key":"sec-ch-ua","Value":["\"Not.A/Brand\";v=\"8\", \"Chromium\";v=\"114\", \"Google Chrome\";v=\"114\""],"$type":"KeyValuePair`2"},{"Key":"sec-ch-ua-mobile","Value":["?0"],"$type":"KeyValuePair`2"},{"Key":"sec-ch-ua-platform","Value":["\"Windows\""],"$type":"KeyValuePair`2"},{"Key":"Sec-Fetch-Site","Value":["same-origin"],"$type":"KeyValuePair`2"},{"Key":"Sec-Fetch-Mode","Value":["cors"],"$type":"KeyValuePair`2"},{"Key":"Sec-Fetch-Dest","Value":["empty"],"$type":"KeyValuePair`2"}],"request_body":"http localhost:5262/Pais ?NombrePais=Zimbawe ","response_headers":[{"Key":"Content-Type","Value":["application/json; charset=utf-8"],"$type":"KeyValuePair`2"}],"response_body":"200: {\"nombrePais\":\"Zimbawe\",\"id\":10}"}
[2023-08-01 11:55:57.468 -04:00 INF] Request finished HTTP/1.1 POST http://localhost:5262/Pais?NombrePais=Zimbawe - 0 - 200 - application/json;+charset=utf-8 560.7682ms
[2023-08-01 11:56:31.794 -04:00 INF] Request starting HTTP/1.1 GET http://localhost:5262/Pais/10 - -
[2023-08-01 11:56:31.794 -04:00 INF] Executing endpoint 'API.Controllers.PaisController.GetPais (API)'
[2023-08-01 11:56:31.801 -04:00 INF] Route matched with {action = "GetPais", controller = "Pais"}. Executing controller action with signature System.Threading.Tasks.Task`1[Microsoft.AspNetCore.Mvc.ActionResult`1[Domain.Pais]] GetPais(Int32) on controller API.Controllers.PaisController (API).
[2023-08-01 11:56:31.807 -04:00 INF] Func: GetPais10
[2023-08-01 11:56:31.808 -04:00 INF] Func: DetailPaisAsync
[2023-08-01 11:56:31.852 -04:00 INF] Executed DbCommand (2ms) [Parameters=[@__p_0='?' (DbType = Int32)], CommandType='"Text"', CommandTimeout='30']
SELECT "p"."PaisID", "p"."NombrePais"
FROM "Paises" AS "p"
WHERE "p"."PaisID" = @__p_0
LIMIT 1
[2023-08-01 11:56:31.853 -04:00 INF] Executing ObjectResult, writing value of type 'Domain.Pais'.
[2023-08-01 11:56:31.853 -04:00 INF] Executed action API.Controllers.PaisController.GetPais (API) in 51.987ms
[2023-08-01 11:56:31.853 -04:00 INF] Executed endpoint 'API.Controllers.PaisController.GetPais (API)'
[2023-08-01 11:56:31.854 -04:00 INF] [TRACE] request/response
[2023-08-01 11:56:31.856 -04:00 INF] [ALL TRACE IN DICTIONARY] {"request_headers":[{"Key":"Accept","Value":["text/plain"],"$type":"KeyValuePair`2"},{"Key":"Connection","Value":["keep-alive"],"$type":"KeyValuePair`2"},{"Key":"Host","Value":["localhost:5262"],"$type":"KeyValuePair`2"},{"Key":"User-Agent","Value":["Mozilla/5.0 (Windows NT 10.0; Win64; x64) AppleWebKit/537.36 (KHTML, like Gecko) Chrome/114.0.0.0 Safari/537.36"],"$type":"KeyValuePair`2"},{"Key":"Accept-Encoding","Value":["gzip, deflate"],"$type":"KeyValuePair`2"},{"Key":"Accept-Language","Value":["es-ES,es;q=0.9"],"$type":"KeyValuePair`2"},{"Key":"Cookie","Value":["mailpoet_page_view=%7B%22timestamp%22%3A1671050267%7D"],"$type":"KeyValuePair`2"},{"Key":"Referer","Value":["http://localhost:5262/swagger/index.html"],"$type":"KeyValuePair`2"},{"Key":"sec-ch-ua","Value":["\"Not.A/Brand\";v=\"8\", \"Chromium\";v=\"114\", \"Google Chrome\";v=\"114\""],"$type":"KeyValuePair`2"},{"Key":"sec-ch-ua-mobile","Value":["?0"],"$type":"KeyValuePair`2"},{"Key":"sec-ch-ua-platform","Value":["\"Windows\""],"$type":"KeyValuePair`2"},{"Key":"Sec-Fetch-Site","Value":["same-origin"],"$type":"KeyValuePair`2"},{"Key":"Sec-Fetch-Mode","Value":["cors"],"$type":"KeyValuePair`2"},{"Key":"Sec-Fetch-Dest","Value":["empty"],"$type":"KeyValuePair`2"}],"request_body":"http localhost:5262/Pais/10  ","response_headers":[{"Key":"Content-Type","Value":["application/json; charset=utf-8"],"$type":"KeyValuePair`2"}],"response_body":"200: {\"paisID\":10,\"nombrePais\":\"Zimbawe\",\"regiones\":null}"}
[2023-08-01 11:56:31.856 -04:00 INF] Request finished HTTP/1.1 GET http://localhost:5262/Pais/10 - - - 200 - application/json;+charset=utf-8 62.3637ms
[2023-08-01 11:56:46.665 -04:00 INF] Request starting HTTP/1.1 PUT http://localhost:5262/Pais/10?NombrePais=Canada - 0
[2023-08-01 11:56:46.667 -04:00 INF] CORS policy execution failed.
[2023-08-01 11:56:46.667 -04:00 INF] Request origin http://localhost:5262 does not have permission to access the resource.
[2023-08-01 11:56:46.667 -04:00 INF] Executing endpoint 'API.Controllers.PaisController.PutPais (API)'
[2023-08-01 11:56:46.675 -04:00 INF] Route matched with {action = "PutPais", controller = "Pais"}. Executing controller action with signature System.Threading.Tasks.Task`1[Microsoft.AspNetCore.Mvc.IActionResult] PutPais(Int32, Domain.Pais) on controller API.Controllers.PaisController (API).
[2023-08-01 11:56:46.680 -04:00 INF] Func: PutPais Domain.Pais 10
[2023-08-01 11:56:46.681 -04:00 INF] Func: UpdatePaisAsync
[2023-08-01 11:56:46.694 -04:00 INF] Executed DbCommand (0ms) [Parameters=[@__pais_NombrePais_0='?' (Size = 6), @__id_1='?' (DbType = Int32)], CommandType='"Text"', CommandTimeout='30']
SELECT EXISTS (
    SELECT 1
    FROM "Paises" AS "p"
    WHERE "p"."NombrePais" = @__pais_NombrePais_0 AND "p"."PaisID" <> @__id_1)
[2023-08-01 11:56:46.699 -04:00 INF] Executed DbCommand (0ms) [Parameters=[@__id_0='?' (DbType = Int32)], CommandType='"Text"', CommandTimeout='30']
SELECT "p"."PaisID", "p"."NombrePais"
FROM "Paises" AS "p"
WHERE "p"."PaisID" = @__id_0
LIMIT 1
[2023-08-01 11:56:46.714 -04:00 INF] Executed DbCommand (1ms) [Parameters=[@p1='?' (DbType = Int32), @p0='?' (Size = 6)], CommandType='"Text"', CommandTimeout='30']
UPDATE "Paises" SET "NombrePais" = @p0
WHERE "PaisID" = @p1
RETURNING 1;
[2023-08-01 11:56:46.720 -04:00 INF] Executing OkObjectResult, writing value of type '<>f__AnonymousType0`2[[System.String, System.Private.CoreLib, Version=7.0.0.0, Culture=neutral, PublicKeyToken=7cec85d7bea7798e],[System.Int32, System.Private.CoreLib, Version=7.0.0.0, Culture=neutral, PublicKeyToken=7cec85d7bea7798e]]'.
[2023-08-01 11:56:46.720 -04:00 INF] Executed action API.Controllers.PaisController.PutPais (API) in 45.1969ms
[2023-08-01 11:56:46.720 -04:00 INF] Executed endpoint 'API.Controllers.PaisController.PutPais (API)'
[2023-08-01 11:56:46.720 -04:00 INF] [TRACE] request/response
[2023-08-01 11:56:46.721 -04:00 INF] [ALL TRACE IN DICTIONARY] {"request_headers":[{"Key":"Accept","Value":["*/*"],"$type":"KeyValuePair`2"},{"Key":"Connection","Value":["keep-alive"],"$type":"KeyValuePair`2"},{"Key":"Host","Value":["localhost:5262"],"$type":"KeyValuePair`2"},{"Key":"User-Agent","Value":["Mozilla/5.0 (Windows NT 10.0; Win64; x64) AppleWebKit/537.36 (KHTML, like Gecko) Chrome/114.0.0.0 Safari/537.36"],"$type":"KeyValuePair`2"},{"Key":"Accept-Encoding","Value":["gzip, deflate"],"$type":"KeyValuePair`2"},{"Key":"Accept-Language","Value":["es-ES,es;q=0.9"],"$type":"KeyValuePair`2"},{"Key":"Cookie","Value":["mailpoet_page_view=%7B%22timestamp%22%3A1671050267%7D"],"$type":"KeyValuePair`2"},{"Key":"Origin","Value":["http://localhost:5262"],"$type":"KeyValuePair`2"},{"Key":"Referer","Value":["http://localhost:5262/swagger/index.html"],"$type":"KeyValuePair`2"},{"Key":"Content-Length","Value":["0"],"$type":"KeyValuePair`2"},{"Key":"sec-ch-ua","Value":["\"Not.A/Brand\";v=\"8\", \"Chromium\";v=\"114\", \"Google Chrome\";v=\"114\""],"$type":"KeyValuePair`2"},{"Key":"sec-ch-ua-mobile","Value":["?0"],"$type":"KeyValuePair`2"},{"Key":"sec-ch-ua-platform","Value":["\"Windows\""],"$type":"KeyValuePair`2"},{"Key":"Sec-Fetch-Site","Value":["same-origin"],"$type":"KeyValuePair`2"},{"Key":"Sec-Fetch-Mode","Value":["cors"],"$type":"KeyValuePair`2"},{"Key":"Sec-Fetch-Dest","Value":["empty"],"$type":"KeyValuePair`2"}],"request_body":"http localhost:5262/Pais/10 ?NombrePais=Canada ","response_headers":[{"Key":"Content-Type","Value":["application/json; charset=utf-8"],"$type":"KeyValuePair`2"}],"response_body":"200: {\"nombrePais\":\"Canada\",\"id\":10}"}
[2023-08-01 11:56:46.721 -04:00 INF] Request finished HTTP/1.1 PUT http://localhost:5262/Pais/10?NombrePais=Canada - 0 - 200 - application/json;+charset=utf-8 55.9036ms
[2023-08-01 11:56:54.666 -04:00 INF] Request starting HTTP/1.1 DELETE http://localhost:5262/Pais/10 - -
[2023-08-01 11:56:54.666 -04:00 INF] CORS policy execution failed.
[2023-08-01 11:56:54.666 -04:00 INF] Request origin http://localhost:5262 does not have permission to access the resource.
[2023-08-01 11:56:54.667 -04:00 INF] Executing endpoint 'API.Controllers.PaisController.DeletePais (API)'
[2023-08-01 11:56:54.672 -04:00 INF] Route matched with {action = "DeletePais", controller = "Pais"}. Executing controller action with signature System.Threading.Tasks.Task`1[Microsoft.AspNetCore.Mvc.IActionResult] DeletePais(Int32) on controller API.Controllers.PaisController (API).
[2023-08-01 11:56:54.675 -04:00 INF] Func: DeletePais 10
[2023-08-01 11:56:54.676 -04:00 INF] Func: DeletePaisAsync
[2023-08-01 11:56:54.686 -04:00 INF] Executed DbCommand (0ms) [Parameters=[@__p_0='?' (DbType = Int32)], CommandType='"Text"', CommandTimeout='30']
SELECT "p"."PaisID", "p"."NombrePais"
FROM "Paises" AS "p"
WHERE "p"."PaisID" = @__p_0
LIMIT 1
[2023-08-01 11:56:54.700 -04:00 INF] Executed DbCommand (1ms) [Parameters=[@p0='?' (DbType = Int32)], CommandType='"Text"', CommandTimeout='30']
DELETE FROM "Paises"
WHERE "PaisID" = @p0
RETURNING 1;
[2023-08-01 11:56:54.713 -04:00 INF] Executing StatusCodeResult, setting HTTP status code 200
[2023-08-01 11:56:54.714 -04:00 INF] Executed action API.Controllers.PaisController.DeletePais (API) in 41.5615ms
[2023-08-01 11:56:54.714 -04:00 INF] Executed endpoint 'API.Controllers.PaisController.DeletePais (API)'
[2023-08-01 11:56:54.714 -04:00 INF] [TRACE] request/response
[2023-08-01 11:56:54.714 -04:00 INF] [ALL TRACE IN DICTIONARY] {"request_headers":[{"Key":"Accept","Value":["*/*"],"$type":"KeyValuePair`2"},{"Key":"Connection","Value":["keep-alive"],"$type":"KeyValuePair`2"},{"Key":"Host","Value":["localhost:5262"],"$type":"KeyValuePair`2"},{"Key":"User-Agent","Value":["Mozilla/5.0 (Windows NT 10.0; Win64; x64) AppleWebKit/537.36 (KHTML, like Gecko) Chrome/114.0.0.0 Safari/537.36"],"$type":"KeyValuePair`2"},{"Key":"Accept-Encoding","Value":["gzip, deflate"],"$type":"KeyValuePair`2"},{"Key":"Accept-Language","Value":["es-ES,es;q=0.9"],"$type":"KeyValuePair`2"},{"Key":"Cookie","Value":["mailpoet_page_view=%7B%22timestamp%22%3A1671050267%7D"],"$type":"KeyValuePair`2"},{"Key":"Origin","Value":["http://localhost:5262"],"$type":"KeyValuePair`2"},{"Key":"Referer","Value":["http://localhost:5262/swagger/index.html"],"$type":"KeyValuePair`2"},{"Key":"sec-ch-ua","Value":["\"Not.A/Brand\";v=\"8\", \"Chromium\";v=\"114\", \"Google Chrome\";v=\"114\""],"$type":"KeyValuePair`2"},{"Key":"sec-ch-ua-mobile","Value":["?0"],"$type":"KeyValuePair`2"},{"Key":"sec-ch-ua-platform","Value":["\"Windows\""],"$type":"KeyValuePair`2"},{"Key":"Sec-Fetch-Site","Value":["same-origin"],"$type":"KeyValuePair`2"},{"Key":"Sec-Fetch-Mode","Value":["cors"],"$type":"KeyValuePair`2"},{"Key":"Sec-Fetch-Dest","Value":["empty"],"$type":"KeyValuePair`2"}],"request_body":"http localhost:5262/Pais/10  ","response_headers":[],"response_body":"200: "}
[2023-08-01 11:56:54.715 -04:00 INF] Request finished HTTP/1.1 DELETE http://localhost:5262/Pais/10 - - - 200 0 - 49.2734ms
